[0.073s] Invoking command in '/home/ubuntu/colcon_ws/src/build/docking_controller': CMAKE_PREFIX_PATH=${CMAKE_PREFIX_PATH}:/home/ubuntu/colcon_ws/install/my_apriltag:/home/ubuntu/turtlebot3_ws/install/turtlebot3_teleop:/home/ubuntu/turtlebot3_ws/install/turtlebot3_example:/opt/ros/foxy /usr/bin/cmake /home/ubuntu/colcon_ws/src/my_docking_control/docking_controller -DCMAKE_INSTALL_PREFIX=/home/ubuntu/colcon_ws/src/install/docking_controller
[0.829s] -- The C compiler identification is GNU 9.4.0
[1.084s] -- The CXX compiler identification is GNU 9.4.0
[1.116s] -- Check for working C compiler: /usr/bin/cc
[1.435s] -- Check for working C compiler: /usr/bin/cc -- works
[1.441s] -- Detecting C compiler ABI info
[2.730s] -- Detecting C compiler ABI info - done
[2.772s] -- Detecting C compile features
[2.775s] -- Detecting C compile features - done
[2.792s] -- Check for working CXX compiler: /usr/bin/c++
[3.206s] -- Check for working CXX compiler: /usr/bin/c++ -- works
[3.210s] -- Detecting CXX compiler ABI info
[3.607s] -- Detecting CXX compiler ABI info - done
[3.649s] -- Detecting CXX compile features
[3.651s] -- Detecting CXX compile features - done
[3.688s] -- Found ament_cmake: 0.9.11 (/opt/ros/foxy/share/ament_cmake/cmake)
[3.891s] -- Found PythonInterp: /usr/bin/python3 (found suitable version "3.8.10", minimum required is "3") 
[3.892s] -- Using PYTHON_EXECUTABLE: /usr/bin/python3
[5.102s] -- Found rclcpp: 2.4.2 (/opt/ros/foxy/share/rclcpp/cmake)
[5.614s] -- Using all available rosidl_typesupport_c: rosidl_typesupport_fastrtps_c;rosidl_typesupport_introspection_c
[5.712s] -- Found rosidl_adapter: 1.3.0 (/opt/ros/foxy/share/rosidl_adapter/cmake)
[6.586s] -- Found OpenSSL: /usr/lib/aarch64-linux-gnu/libcrypto.so (found version "1.1.1f")  
[6.899s] -- Found FastRTPS: /opt/ros/foxy/include  
[7.663s] -- Using all available rosidl_typesupport_cpp: rosidl_typesupport_fastrtps_cpp;rosidl_typesupport_introspection_cpp
[8.108s] -- Found rmw_implementation_cmake: 1.0.3 (/opt/ros/foxy/share/rmw_implementation_cmake/cmake)
[8.119s] -- Using RMW implementation 'rmw_fastrtps_cpp' as default
[8.126s] -- Looking for pthread.h
[8.499s] -- Looking for pthread.h - found
[8.500s] -- Performing Test CMAKE_HAVE_LIBC_PTHREAD
[8.946s] -- Performing Test CMAKE_HAVE_LIBC_PTHREAD - Failed
[8.947s] -- Looking for pthread_create in pthreads
[9.335s] -- Looking for pthread_create in pthreads - not found
[9.336s] -- Looking for pthread_create in pthread
[9.859s] -- Looking for pthread_create in pthread - found
[9.863s] -- Found Threads: TRUE  
[10.718s] -- Found geometry_msgs: 2.0.5 (/opt/ros/foxy/share/geometry_msgs/cmake)
[10.894s] -- Found sensor_msgs: 2.0.5 (/opt/ros/foxy/share/sensor_msgs/cmake)
[11.202s] -- Found docking_interfaces: 0.0.0 (/home/ubuntu/colcon_ws/install/docking_interfaces/share/docking_interfaces/cmake)
[11.265s] -- Found nav_msgs: 2.0.5 (/opt/ros/foxy/share/nav_msgs/cmake)
[11.600s] -- Found tf2: 0.13.13 (/opt/ros/foxy/share/tf2/cmake)
[11.692s] -- Found tf2_ros: 0.13.13 (/opt/ros/foxy/share/tf2_ros/cmake)
[13.365s] -- Found tf2_geometry_msgs: 0.13.13 (/opt/ros/foxy/share/tf2_geometry_msgs/cmake)
[13.446s] -- Found eigen3_cmake_module: 0.1.1 (/opt/ros/foxy/share/eigen3_cmake_module/cmake)
[13.484s] -- Found Eigen3: TRUE (found version "3.3.7") 
[13.616s] -- Found nav2_msgs: 0.4.7 (/opt/ros/foxy/share/nav2_msgs/cmake)
[14.852s] -- Configuring done
[14.952s] -- Generating done
[14.960s] -- Build files have been written to: /home/ubuntu/colcon_ws/src/build/docking_controller
[14.997s] Invoked command in '/home/ubuntu/colcon_ws/src/build/docking_controller' returned '0': CMAKE_PREFIX_PATH=${CMAKE_PREFIX_PATH}:/home/ubuntu/colcon_ws/install/my_apriltag:/home/ubuntu/turtlebot3_ws/install/turtlebot3_teleop:/home/ubuntu/turtlebot3_ws/install/turtlebot3_example:/opt/ros/foxy /usr/bin/cmake /home/ubuntu/colcon_ws/src/my_docking_control/docking_controller -DCMAKE_INSTALL_PREFIX=/home/ubuntu/colcon_ws/src/install/docking_controller
[15.007s] Invoking command in '/home/ubuntu/colcon_ws/src/build/docking_controller': CMAKE_PREFIX_PATH=${CMAKE_PREFIX_PATH}:/home/ubuntu/colcon_ws/install/my_apriltag:/home/ubuntu/turtlebot3_ws/install/turtlebot3_teleop:/home/ubuntu/turtlebot3_ws/install/turtlebot3_example:/opt/ros/foxy /usr/bin/cmake --build /home/ubuntu/colcon_ws/src/build/docking_controller -- -j4 -l4
[15.205s] [35m[1mScanning dependencies of target docking_controller[0m
[15.206s] [35m[1mScanning dependencies of target docking_client[0m
[15.431s] [ 16%] [32mBuilding CXX object CMakeFiles/docking_client.dir/src/docking_client.cpp.o[0m
[15.502s] [ 33%] [32mBuilding CXX object CMakeFiles/docking_controller.dir/src/controller.cpp.o[0m
[15.504s] [ 50%] [32mBuilding CXX object CMakeFiles/docking_controller.dir/src/queue_update_client.cpp.o[0m
[15.521s] [ 66%] [32mBuilding CXX object CMakeFiles/docking_controller.dir/src/docking_server.cpp.o[0m
[24.989s] [01m[K/home/ubuntu/colcon_ws/src/my_docking_control/docking_controller/src/controller.cpp:[m[K In function â€˜[01m[Kint main(int, char**)[m[Kâ€™:
[24.990s] [01m[K/home/ubuntu/colcon_ws/src/my_docking_control/docking_controller/src/controller.cpp:304:5:[m[K [01;31m[Kerror: [m[Kâ€˜[01m[Kqueue_update_client[m[Kâ€™ was not declared in this scope
[24.991s]   304 |     [01;31m[Kqueue_update_client[m[K("add_new_robot");
[24.992s]       |     [01;31m[K^~~~~~~~~~~~~~~~~~~[m[K
[169.026s] make[2]: *** [CMakeFiles/docking_client.dir/build.make:63: CMakeFiles/docking_client.dir/src/docking_client.cpp.o] Interrupt
[169.029s] make[2]: *** [CMakeFiles/docking_controller.dir/build.make:76: CMakeFiles/docking_controller.dir/src/docking_server.cpp.o] Interrupt
[169.029s] make[2]: *** [CMakeFiles/docking_controller.dir/build.make:63: CMakeFiles/docking_controller.dir/src/controller.cpp.o] Interrupt
[169.030s] make[2]: *** [CMakeFiles/docking_controller.dir/build.make:89: CMakeFiles/docking_controller.dir/src/queue_update_client.cpp.o] Interrupt
[169.031s] make[1]: *** [CMakeFiles/Makefile2:80: CMakeFiles/docking_client.dir/all] Interrupt
[169.035s] make[1]: *** [CMakeFiles/Makefile2:107: CMakeFiles/docking_controller.dir/all] Interrupt
[169.037s] make: *** [Makefile:141: all] Interrupt
[169.039s] Invoked command in '/home/ubuntu/colcon_ws/src/build/docking_controller' returned '-2': CMAKE_PREFIX_PATH=${CMAKE_PREFIX_PATH}:/home/ubuntu/colcon_ws/install/my_apriltag:/home/ubuntu/turtlebot3_ws/install/turtlebot3_teleop:/home/ubuntu/turtlebot3_ws/install/turtlebot3_example:/opt/ros/foxy /usr/bin/cmake --build /home/ubuntu/colcon_ws/src/build/docking_controller -- -j4 -l4
